[35m[1mScanning dependencies of target follower[0m
[ 50%] [32mBuilding CXX object CMakeFiles/follower.dir/src/follower.cpp.o[0m
[01m[K/home/lty/xiaoping_ws/src/multi_turtlebot3/src/follower.cpp:[m[K In function â€˜[01m[Kint main(int, char**)[m[Kâ€™:
[01m[K/home/lty/xiaoping_ws/src/multi_turtlebot3/src/follower.cpp:6:15:[m[K [01;31m[Kerror: [m[Kâ€˜[01m[Kfollower[m[Kâ€™ is not a member of â€˜[01m[KFollower[m[Kâ€™
    6 |     Follower::[01;31m[Kfollower[m[K;
      |               [01;31m[K^~~~~~~~[m[K
[01m[K/home/lty/xiaoping_ws/src/multi_turtlebot3/src/follower.cpp:7:5:[m[K [01;31m[Kerror: [m[Kâ€˜[01m[Kfollower[m[Kâ€™ was not declared in this scope; did you mean â€˜[01m[KFollower[m[Kâ€™?
    7 |     [01;31m[Kfollower[m[K.run();
      |     [01;31m[K^~~~~~~~[m[K
      |     [32m[KFollower[m[K
make[2]: *** [CMakeFiles/follower.dir/build.make:63ï¼šCMakeFiles/follower.dir/src/follower.cpp.o] é”™è¯¯ 1
make[1]: *** [CMakeFiles/Makefile2:1675ï¼šCMakeFiles/follower.dir/all] é”™è¯¯ 2
make: *** [Makefile:141ï¼šall] é”™è¯¯ 2
